238,239c238,239
< 302	%-27p		: |0x0                        |
< 303	%-*p		: |0x0               |
---
> 302	%-27p		: |0x|
> 303	%-*p		: |0x|
245c245
< 309	%-24p		: |0x0                     |
---
> 309	%-24p		: |0x|
247,263c247,263
< 311	%-17p			: |0x0              |
< 312	%-16p			: |0x0             |
< 313	%-15p			: |0x0            |
< 314	%-14p			: |0x0           |
< 315	%-13p			: |0x0          |
< 316	%-12p			: |0x0         |
< 317	%-11p			: |0x0        |
< 318	%-10p			: |0x0       |
< 319	%-9p			: |0x0      |
< 320	%-8p			: |0x0     |
< 321	%-7p			: |0x0    |
< 322	%-6p			: |0x0   |
< 323	%-5p			: |0x0  |
< 324	%-4p			: |0x0 |
< 325	%-3p			: |0x0|
< 326	%-2p			: |0x0|
< 327	%-1p			: |0x0|
---
> 311	%-17p			: |0x|
> 312	%-16p			: |0x|
> 313	%-15p			: |0x|
> 314	%-14p			: |0x|
> 315	%-13p			: |0x|
> 316	%-12p			: |0x|
> 317	%-11p			: |0x|
> 318	%-10p			: |0x|
> 319	%-9p			: |0x|
> 320	%-8p			: |0x|
> 321	%-7p			: |0x|
> 322	%-6p			: |0x|
> 323	%-5p			: |0x|
> 324	%-4p			: |0x|
> 325	%-3p			: |0x|
> 326	%-2p			: |0x|
> 327	%-1p			: |0x|
280,313c280,313
< 344	%*p			: |0x0              |
< 345	%-*p			: |0x0              |
< 346	%*p			: |0x0             |
< 347	%-*p			: |0x0             |
< 348	%*p			: |0x0            |
< 349	%-*p			: |0x0            |
< 350	%*p			: |0x0           |
< 351	%-*p			: |0x0           |
< 352	%*p			: |0x0          |
< 353	%-*p			: |0x0          |
< 354	%*p			: |0x0         |
< 355	%-*p			: |0x0         |
< 356	%*p			: |0x0        |
< 357	%-*p			: |0x0        |
< 358	%*p			: |0x0       |
< 359	%-*p			: |0x0       |
< 360	%*p			: |0x0      |
< 361	%-*p			: |0x0      |
< 362	%*p			: |0x0     |
< 363	%-*p			: |0x0     |
< 364	%*p			: |0x0    |
< 365	%-*p			: |0x0    |
< 366	%*p			: |0x0   |
< 367	%-*p			: |0x0   |
< 368	%*p			: |0x0  |
< 369	%-*p			: |0x0  |
< 370	%*p			: |0x0 |
< 371	%-*p			: |0x0 |
< 372	%*p			: |0x0|
< 373	%-*p			: |0x0|
< 374	%*p			: |0x0|
< 375	%-*p			: |0x0|
< 376	%*p			: |0x0|
< 377	%-*p			: |0x0|
---
> 344	%*p			: |0x|
> 345	%-*p			: |0x|
> 346	%*p			: |0x|
> 347	%-*p			: |0x|
> 348	%*p			: |0x|
> 349	%-*p			: |0x|
> 350	%*p			: |0x|
> 351	%-*p			: |0x|
> 352	%*p			: |0x|
> 353	%-*p			: |0x|
> 354	%*p			: |0x|
> 355	%-*p			: |0x|
> 356	%*p			: |0x|
> 357	%-*p			: |0x|
> 358	%*p			: |0x|
> 359	%-*p			: |0x|
> 360	%*p			: |0x|
> 361	%-*p			: |0x|
> 362	%*p			: |0x|
> 363	%-*p			: |0x|
> 364	%*p			: |0x|
> 365	%-*p			: |0x|
> 366	%*p			: |0x|
> 367	%-*p			: |0x|
> 368	%*p			: |0x|
> 369	%-*p			: |0x|
> 370	%*p			: |0x|
> 371	%-*p			: |0x|
> 372	%*p			: |0x|
> 373	%-*p			: |0x|
> 374	%*p			: |0x|
> 375	%-*p			: |0x|
> 376	%*p			: |0x|
> 377	%-*p			: |0x|
316c316
< 380	%-*p			: |0x0|
---
> 380	%-*p			: |0x|
318c318
< 382	%-*p			: |0x0|
---
> 382	%-*p			: |0x|
320c320
< 384	%-*p			: |0x0|
---
> 384	%-*p			: |0x|
322c322
< 386	%-*p			: |0x0 |
---
> 386	%-*p			: |0x|
324c324
< 388	%-*p			: |0x0  |
---
> 388	%-*p			: |0x|
326c326
< 390	%-*p			: |0x0   |
---
> 390	%-*p			: |0x|
328c328
< 392	%-*p			: |0x0    |
---
> 392	%-*p			: |0x|
330c330
< 394	%-*p			: |0x0     |
---
> 394	%-*p			: |0x|
332c332
< 396	%-*p			: |0x0      |
---
> 396	%-*p			: |0x|
334c334
< 398	%-*p			: |0x0       |
---
> 398	%-*p			: |0x|
336c336
< 400	%-*p			: |0x0        |
---
> 400	%-*p			: |0x|
338c338
< 402	%-*p			: |0x0         |
---
> 402	%-*p			: |0x|
340c340
< 404	%-*p			: |0x0          |
---
> 404	%-*p			: |0x|
342c342
< 406	%-*p			: |0x0           |
---
> 406	%-*p			: |0x|
344c344
< 408	%-*p			: |0x0            |
---
> 408	%-*p			: |0x|
346c346
< 410	%-*p			: |0x0             |
---
> 410	%-*p			: |0x|
861c861
< 917	%25.0s		: |                         |
---
> 917	%25.0s		: |0000000000000000000000000|
1153c1153
< 1209	%1.0s			: | |
---
> 1209	%1.0s			: |0|
1169c1169
< 1225	%2.0s			: |  |
---
> 1225	%2.0s			: |00|
1185c1185
< 1241	%3.0s			: |   |
---
> 1241	%3.0s			: |000|
1201c1201
< 1257	%4.0s			: |    |
---
> 1257	%4.0s			: |0000|
1217c1217
< 1273	%5.0s			: |     |
---
> 1273	%5.0s			: |00000|
1233c1233
< 1289	%6.0s			: |      |
---
> 1289	%6.0s			: |000000|
1249c1249
< 1305	%7.0s			: |       |
---
> 1305	%7.0s			: |0000000|
1265c1265
< 1321	%8.0s			: |        |
---
> 1321	%8.0s			: |00000000|
1281c1281
< 1337	%9.0s			: |         |
---
> 1337	%9.0s			: |000000000|
1297c1297
< 1353	%10.0s			: |          |
---
> 1353	%10.0s			: |0000000000|
1313c1313
< 1369	%11.0s			: |           |
---
> 1369	%11.0s			: |00000000000|
1329c1329
< 1385	%12.0s			: |            |
---
> 1385	%12.0s			: |000000000000|
1345c1345
< 1401	%13.0s			: |             |
---
> 1401	%13.0s			: |0000000000000|
1361c1361
< 1417	%14.0s			: |              |
---
> 1417	%14.0s			: |00000000000000|
1377c1377
< 1433	%15.0s			: |               |
---
> 1433	%15.0s			: |000000000000000|
2176c2176
< 2232	%1.0s			: | |
---
> 2232	%1.0s			: |0|
2192c2192
< 2248	%2.0s			: |  |
---
> 2248	%2.0s			: |00|
2208c2208
< 2264	%3.0s			: |   |
---
> 2264	%3.0s			: |000|
2224c2224
< 2280	%4.0s			: |    |
---
> 2280	%4.0s			: |0000|
2240c2240
< 2296	%5.0s			: |     |
---
> 2296	%5.0s			: |00000|
2256c2256
< 2312	%6.0s			: |      |
---
> 2312	%6.0s			: |000000|
2272c2272
< 2328	%7.0s			: |       |
---
> 2328	%7.0s			: |0000000|
2288c2288
< 2344	%8.0s			: |        |
---
> 2344	%8.0s			: |00000000|
2304c2304
< 2360	%9.0s			: |         |
---
> 2360	%9.0s			: |000000000|
2320c2320
< 2376	%10.0s			: |          |
---
> 2376	%10.0s			: |0000000000|
2336c2336
< 2392	%11.0s			: |           |
---
> 2392	%11.0s			: |00000000000|
2352c2352
< 2408	%12.0s			: |            |
---
> 2408	%12.0s			: |000000000000|
2368c2368
< 2424	%13.0s			: |             |
---
> 2424	%13.0s			: |0000000000000|
2384c2384
< 2440	%14.0s			: |              |
---
> 2440	%14.0s			: |00000000000000|
2400c2400
< 2456	%15.0s			: |               |
---
> 2456	%15.0s			: |000000000000000|
3695c3695
< 3751	%1.0s			: | |
---
> 3751	%1.0s			: |0|
3711c3711
< 3767	%2.0s			: |  |
---
> 3767	%2.0s			: |00|
3727c3727
< 3783	%3.0s			: |   |
---
> 3783	%3.0s			: |000|
3743c3743
< 3799	%4.0s			: |    |
---
> 3799	%4.0s			: |0000|
3759c3759
< 3815	%5.0s			: |     |
---
> 3815	%5.0s			: |00000|
3775c3775
< 3831	%6.0s			: |      |
---
> 3831	%6.0s			: |000000|
3791c3791
< 3847	%7.0s			: |       |
---
> 3847	%7.0s			: |0000000|
3807c3807
< 3863	%8.0s			: |        |
---
> 3863	%8.0s			: |00000000|
3823c3823
< 3879	%9.0s			: |         |
---
> 3879	%9.0s			: |000000000|
3839c3839
< 3895	%10.0s			: |          |
---
> 3895	%10.0s			: |0000000000|
3855c3855
< 3911	%11.0s			: |           |
---
> 3911	%11.0s			: |00000000000|
3871c3871
< 3927	%12.0s			: |            |
---
> 3927	%12.0s			: |000000000000|
3887c3887
< 3943	%13.0s			: |             |
---
> 3943	%13.0s			: |0000000000000|
3903c3903
< 3959	%14.0s			: |              |
---
> 3959	%14.0s			: |00000000000000|
3919c3919
< 3975	%15.0s			: |               |
---
> 3975	%15.0s			: |000000000000000|
6141c6141
< 6195	%2.0%			: | %|
---
> 6195	%2.0%			: |0%|
6177c6177
< 6231	%3.0%			: |  %|
---
> 6231	%3.0%			: |00%|
6432,6433c6432,6433
< 302	: 43
< 303	: 33
---
> 302	: 19
> 303	: 18
6439c6439
< 309	: 40
---
> 309	: 19
6441,6454c6441,6454
< 311	: 34
< 312	: 33
< 313	: 32
< 314	: 31
< 315	: 30
< 316	: 29
< 317	: 28
< 318	: 27
< 319	: 25
< 320	: 24
< 321	: 23
< 322	: 22
< 323	: 21
< 324	: 20
---
> 311	: 20
> 312	: 20
> 313	: 20
> 314	: 20
> 315	: 20
> 316	: 20
> 317	: 20
> 318	: 20
> 319	: 19
> 320	: 19
> 321	: 19
> 322	: 19
> 323	: 19
> 324	: 19
6474,6501c6474,6501
< 344	: 32
< 345	: 33
< 346	: 31
< 347	: 32
< 348	: 30
< 349	: 31
< 350	: 29
< 351	: 30
< 352	: 28
< 353	: 29
< 354	: 27
< 355	: 28
< 356	: 26
< 357	: 27
< 358	: 25
< 359	: 26
< 360	: 24
< 361	: 25
< 362	: 23
< 363	: 24
< 364	: 22
< 365	: 23
< 366	: 21
< 367	: 22
< 368	: 20
< 369	: 21
< 370	: 19
< 371	: 20
---
> 344	: 18
> 345	: 19
> 346	: 18
> 347	: 19
> 348	: 18
> 349	: 19
> 350	: 18
> 351	: 19
> 352	: 18
> 353	: 19
> 354	: 18
> 355	: 19
> 356	: 18
> 357	: 19
> 358	: 18
> 359	: 19
> 360	: 18
> 361	: 19
> 362	: 18
> 363	: 19
> 364	: 18
> 365	: 19
> 366	: 18
> 367	: 19
> 368	: 18
> 369	: 19
> 370	: 18
> 371	: 19
6516c6516
< 386	: 20
---
> 386	: 19
6518c6518
< 388	: 21
---
> 388	: 19
6520c6520
< 390	: 22
---
> 390	: 19
6522c6522
< 392	: 23
---
> 392	: 19
6524c6524
< 394	: 24
---
> 394	: 19
6526c6526
< 396	: 25
---
> 396	: 19
6528c6528
< 398	: 26
---
> 398	: 19
6530c6530
< 400	: 27
---
> 400	: 19
6532c6532
< 402	: 28
---
> 402	: 19
6534c6534
< 404	: 29
---
> 404	: 19
6536c6536
< 406	: 30
---
> 406	: 19
6538c6538
< 408	: 31
---
> 408	: 19
6540c6540
< 410	: 32
---
> 410	: 19
